[11/3/2024 11:3:36] /m Crustacea Gigantica
[11/3/2024 11:3:40] /s demon
[11/3/2024 11:5:25] /i 12344
[11/3/2024 11:5:48] /i dust
[11/3/2024 11:6:43] /reload monsters
[11/3/2024 11:7:5] /m Crustacea Gigantica
[11/3/2024 11:7:23] /m demon
[11/3/2024 11:7:54] /reload monsters
[11/3/2024 11:12:9] /reload monsters
[11/3/2024 11:21:21] /m crustacia gigantica
[11/3/2024 11:21:30] /m crustacea gigantica
[11/3/2024 11:32:0] /reload monsters
[11/3/2024 11:37:16] /reload spells
[11/3/2024 11:43:47] /reload spells
[11/3/2024 11:44:15] /reload spells
[14/8/2024 14:8:54] tecnicas
[14/8/2024 14:9:5] tecnicas
[14/8/2024 14:30:4] tecnicas
[14/8/2024 14:33:49] /m android
[14/8/2024 14:33:51] /m android
